2023-02-19 19:02:05 [INFO] __main__: Product:
~~~Telegram-bot for quick reminders~~~
VERSION: 1.1.6
LAST_UPDATE: 2023-02-19 19:02:05
The product is not commercial
Developed by Yastrah
GitHub: https://github.com/Yastrah
2023-02-19 19:02:05 [INFO] aiogram: Bot: Euclid Assistant [@EuclidAssistantBot]
2023-02-19 19:02:05 [WARNING] aiogram: Updates were skipped successfully.
2023-02-19 19:02:05 [INFO] __main__: Bot commands have been set.
2023-02-19 19:02:05 [INFO] __main__: Start schedule process.
2023-02-19 19:02:05 [INFO] aiogram.dispatcher.dispatcher: Start polling.
2023-02-19 19:02:08 [WARNING] __main__: Shutdown dispatcher!!!
2023-02-19 19:02:08 [INFO] aiogram.dispatcher.dispatcher: Stop polling...
2023-02-19 19:02:08 [WARNING] aiogram: Goodbye!
2023-02-19 19:46:03 [INFO] __main__: Product:
~~~Telegram-bot for quick reminders~~~
VERSION: 1.1.6
LAST_UPDATE: 2023-02-19 19:46:03
The product is not commercial
Developed by Yastrah
GitHub: https://github.com/Yastrah
2023-02-19 19:46:03 [INFO] aiogram: Bot: Euclid Assistant [@EuclidAssistantBot]
2023-02-19 19:46:03 [WARNING] aiogram: Updates were skipped successfully.
2023-02-19 19:46:03 [INFO] __main__: Bot commands have been set.
2023-02-19 19:46:03 [INFO] __main__: Start schedule process.
2023-02-19 19:46:03 [INFO] aiogram.dispatcher.dispatcher: Start polling.
2023-02-19 19:46:11 [ERROR] asyncio: Task exception was never retrieved
future: <Task finished name='Task-10' coro=<Dispatcher._process_polling_updates() done, defined at C:\GitHub\Telegram-bot-Euclid\venv\lib\site-packages\aiogram\dispatcher\dispatcher.py:407> exception=CantParseEntities("Can't parse entities: can't find end tag corresponding to start tag u")>
Traceback (most recent call last):
  File "C:\GitHub\Telegram-bot-Euclid\venv\lib\site-packages\aiogram\dispatcher\dispatcher.py", line 415, in _process_polling_updates
    for responses in itertools.chain.from_iterable(await self.process_updates(updates, fast)):
  File "C:\GitHub\Telegram-bot-Euclid\venv\lib\site-packages\aiogram\dispatcher\dispatcher.py", line 235, in process_updates
    return await asyncio.gather(*tasks)
  File "C:\GitHub\Telegram-bot-Euclid\venv\lib\site-packages\aiogram\dispatcher\handler.py", line 116, in notify
    response = await handler_obj.handler(*args, **partial_data)
  File "C:\GitHub\Telegram-bot-Euclid\venv\lib\site-packages\aiogram\dispatcher\dispatcher.py", line 256, in process_update
    return await self.message_handlers.notify(update.message)
  File "C:\GitHub\Telegram-bot-Euclid\venv\lib\site-packages\aiogram\dispatcher\handler.py", line 116, in notify
    response = await handler_obj.handler(*args, **partial_data)
  File "C:\GitHub\Telegram-bot-Euclid\bot\handlers\common.py", line 29, in cmd_start
    await message.answer(start["text"]["ru"].format(bot_name=config.bot.name), parse_mode="HTML",
  File "C:\GitHub\Telegram-bot-Euclid\venv\lib\site-packages\aiogram\types\message.py", line 397, in answer
    return await self.bot.send_message(
  File "C:\GitHub\Telegram-bot-Euclid\venv\lib\site-packages\aiogram\bot\bot.py", line 341, in send_message
    result = await self.request(api.Methods.SEND_MESSAGE, payload)
  File "C:\GitHub\Telegram-bot-Euclid\venv\lib\site-packages\aiogram\bot\base.py", line 236, in request
    return await api.make_request(await self.get_session(), self.server, self.__token, method, data, files,
  File "C:\GitHub\Telegram-bot-Euclid\venv\lib\site-packages\aiogram\bot\api.py", line 140, in make_request
    return check_result(method, response.content_type, response.status, await response.text())
  File "C:\GitHub\Telegram-bot-Euclid\venv\lib\site-packages\aiogram\bot\api.py", line 115, in check_result
    exceptions.BadRequest.detect(description)
  File "C:\GitHub\Telegram-bot-Euclid\venv\lib\site-packages\aiogram\utils\exceptions.py", line 140, in detect
    raise err(cls.text or description)
aiogram.utils.exceptions.CantParseEntities: Can't parse entities: can't find end tag corresponding to start tag u
2023-02-19 19:46:37 [WARNING] __main__: Shutdown dispatcher!!!
2023-02-19 19:46:37 [INFO] aiogram.dispatcher.dispatcher: Stop polling...
2023-02-19 19:46:37 [WARNING] aiogram: Goodbye!
2023-02-19 19:46:38 [INFO] __main__: Product:
~~~Telegram-bot for quick reminders~~~
VERSION: 1.1.6
LAST_UPDATE: 2023-02-19 19:46:38
The product is not commercial
Developed by Yastrah
GitHub: https://github.com/Yastrah
2023-02-19 19:46:38 [INFO] aiogram: Bot: Euclid Assistant [@EuclidAssistantBot]
2023-02-19 19:46:39 [WARNING] aiogram: Updates were skipped successfully.
2023-02-19 19:46:39 [INFO] __main__: Bot commands have been set.
2023-02-19 19:46:39 [INFO] __main__: Start schedule process.
2023-02-19 19:46:39 [INFO] aiogram.dispatcher.dispatcher: Start polling.
2023-02-19 19:46:42 [WARNING] bot.handlers.common: Registered new user. user_id: 1990672413, chat_id: 1990672413
2023-02-19 19:48:51 [DEBUG] bot.handlers.messages: Created reminder for message: сегодня 19.50 какой-то текст
	 chat_id: 1990672413, reminder_id: 1, time: 19/02/2023 19:50, text: какой-то текст
2023-02-19 19:50:07 [ERROR] bot.send_reminders: Failed to send reminder to user 1990672413!
	Exception: name 'user_id' is not defined
2023-02-19 19:53:53 [DEBUG] bot.handlers.messages: Created reminder for message: сегодня в 19.55 ппывпывпывп
	 chat_id: 1990672413, reminder_id: 1, time: 19/02/2023 19:55, text: ппывпывпывп
2023-02-19 19:55:00 [WARNING] __main__: Shutdown dispatcher!!!
2023-02-19 19:55:00 [INFO] aiogram.dispatcher.dispatcher: Stop polling...
2023-02-19 19:55:00 [WARNING] aiogram: Goodbye!
2023-02-19 19:55:01 [INFO] __main__: Product:
~~~Telegram-bot for quick reminders~~~
VERSION: 1.1.6
LAST_UPDATE: 2023-02-19 19:55:01
The product is not commercial
Developed by Yastrah
GitHub: https://github.com/Yastrah
2023-02-19 19:55:02 [INFO] aiogram: Bot: Euclid Assistant [@EuclidAssistantBot]
2023-02-19 19:55:02 [WARNING] aiogram: Updates were skipped successfully.
2023-02-19 19:55:02 [INFO] __main__: Bot commands have been set.
2023-02-19 19:55:02 [INFO] __main__: Start schedule process.
2023-02-19 19:55:02 [INFO] aiogram.dispatcher.dispatcher: Start polling.
2023-02-19 19:55:16 [DEBUG] bot.handlers.delete_reminder: Deleted chat id 1990672413 reminder with id: 1
2023-02-19 19:55:26 [DEBUG] bot.handlers.messages: Created reminder for message: сегодня в 19.56 ппывпывпывп
	 chat_id: 1990672413, reminder_id: 1, time: 19/02/2023 19:56, text: ппывпывпывп
2023-02-19 19:56:06 [ERROR] asyncio: Task exception was never retrieved
future: <Task finished name='Task-28' coro=<check_for_reminders() done, defined at C:\GitHub\Telegram-bot-Euclid\bot\send_reminders.py:30> exception=NameError("name 'user_id' is not defined")>
Traceback (most recent call last):
  File "C:\GitHub\Telegram-bot-Euclid\bot\db\users.py", line 77, in update_total_reminders
    cursor.execute("""UPDATE users SET total_reminders=? WHERE chat_id=?""", [total_reminders+1, chat_id])
TypeError: can only concatenate tuple (not "int") to tuple

During handling of the above exception, another exception occurred:

Traceback (most recent call last):
  File "C:\GitHub\Telegram-bot-Euclid\bot\send_reminders.py", line 46, in check_for_reminders
    users.update_total_reminders(reminder[1])
  File "C:\GitHub\Telegram-bot-Euclid\bot\db\users.py", line 82, in update_total_reminders
    logger.error("Failed to update user_id {0} last_reminder_id {1}!\n\tException: {2}".format(user_id, last_reminder_id, e))
NameError: name 'user_id' is not defined
2023-02-19 19:56:48 [WARNING] __main__: Shutdown dispatcher!!!
2023-02-19 19:56:48 [INFO] aiogram.dispatcher.dispatcher: Stop polling...
2023-02-19 19:56:48 [WARNING] aiogram: Goodbye!
2023-02-19 19:56:50 [INFO] __main__: Product:
~~~Telegram-bot for quick reminders~~~
VERSION: 1.1.6
LAST_UPDATE: 2023-02-19 19:56:50
The product is not commercial
Developed by Yastrah
GitHub: https://github.com/Yastrah
2023-02-19 19:56:50 [INFO] aiogram: Bot: Euclid Assistant [@EuclidAssistantBot]
2023-02-19 19:56:50 [WARNING] aiogram: Updates were skipped successfully.
2023-02-19 19:56:50 [INFO] __main__: Bot commands have been set.
2023-02-19 19:56:50 [INFO] __main__: Start schedule process.
2023-02-19 19:56:50 [INFO] aiogram.dispatcher.dispatcher: Start polling.
2023-02-19 19:56:56 [DEBUG] bot.handlers.messages: Created reminder for message: сегодня в 19.57 ппывпывпывп
	 chat_id: 1990672413, reminder_id: 1, time: 19/02/2023 19:57, text: ппывпывпывп
2023-02-19 19:57:06 [INFO] bot.send_reminders: Reminder sent successfully to user 1990672413.
	Text: ппывпывпывп
2023-02-19 20:06:40 [WARNING] __main__: Shutdown dispatcher!!!
2023-02-19 20:06:40 [INFO] aiogram.dispatcher.dispatcher: Stop polling...
2023-02-19 20:06:40 [WARNING] aiogram: Goodbye!
